2023-Sep-18 19:30:49 PM [main] INFO  com.qa.automation.core.WebDriverFactory - Setting up for browser path is completed
2023-Sep-18 19:30:49 PM [main] INFO  com.qa.automation.core.WebDriverFactory - Setting up chrome binary completed
2023-Sep-18 19:30:56 PM [main] INFO  com.qa.automation.core.WebDriverFactory - Chrome Browser invoked
2023-Sep-18 19:30:56 PM [main] INFO  com.qa.automation.core.WebDriverFactory - Driver maximized and implicit time out set to 30 seconds
2023-Sep-18 19:31:10 PM [main] INFO  com.qa.automation.core.WebDriverFactory - Driver closed
2023-Sep-18 19:31:10 PM [main] INFO  com.qa.automation.stepdefs.StepfDef - Browser got closed
2023-Sep-18 19:31:10 PM [main] INFO  com.qa.automation.core.WebDriverFactory - Setting up for browser path is completed
2023-Sep-18 19:31:10 PM [main] INFO  com.qa.automation.core.WebDriverFactory - Setting up chrome binary completed
2023-Sep-18 19:31:12 PM [main] INFO  com.qa.automation.core.WebDriverFactory - Chrome Browser invoked
2023-Sep-18 19:31:12 PM [main] INFO  com.qa.automation.core.WebDriverFactory - Driver maximized and implicit time out set to 30 seconds
2023-Sep-18 19:31:20 PM [main] INFO  com.qa.automation.core.WebDriverFactory - Driver closed
2023-Sep-18 19:31:20 PM [main] INFO  com.qa.automation.stepdefs.StepfDef - Browser got closed
2023-Sep-18 19:31:20 PM [main] INFO  com.qa.automation.core.WebDriverFactory - Setting up for browser path is completed
2023-Sep-18 19:31:20 PM [main] INFO  com.qa.automation.core.WebDriverFactory - Setting up chrome binary completed
2023-Sep-18 19:31:22 PM [main] INFO  com.qa.automation.core.WebDriverFactory - Chrome Browser invoked
2023-Sep-18 19:31:22 PM [main] INFO  com.qa.automation.core.WebDriverFactory - Driver maximized and implicit time out set to 30 seconds
2023-Sep-18 19:31:28 PM [main] INFO  com.qa.automation.core.WebDriverFactory - Driver closed
2023-Sep-18 19:31:28 PM [main] INFO  com.qa.automation.stepdefs.StepfDef - Browser got closed
2023-Sep-18 19:31:28 PM [main] INFO  com.qa.automation.core.WebDriverFactory - Setting up for browser path is completed
2023-Sep-18 19:31:28 PM [main] INFO  com.qa.automation.core.WebDriverFactory - Setting up chrome binary completed
2023-Sep-18 19:31:30 PM [main] INFO  com.qa.automation.core.WebDriverFactory - Chrome Browser invoked
2023-Sep-18 19:31:30 PM [main] INFO  com.qa.automation.core.WebDriverFactory - Driver maximized and implicit time out set to 30 seconds
2023-Sep-18 19:31:38 PM [main] INFO  com.qa.automation.core.WebDriverFactory - Driver closed
2023-Sep-18 19:31:38 PM [main] INFO  com.qa.automation.stepdefs.StepfDef - Browser got closed
