2023-Sep-19 15:55:02 PM [pool-1-thread-1] INFO  com.qa.automation.core.WebDriverFactory - Setting up for browser path is completed
2023-Sep-19 15:55:02 PM [pool-1-thread-1] INFO  com.qa.automation.core.WebDriverFactory - Setting up chrome binary completed
2023-Sep-19 15:55:06 PM [pool-1-thread-1] INFO  com.qa.automation.core.WebDriverFactory - Chrome Browser invoked
2023-Sep-19 15:55:06 PM [pool-1-thread-1] INFO  com.qa.automation.core.WebDriverFactory - Driver maximized and implicit time out set to 30 seconds
2023-Sep-19 15:55:07 PM [pool-1-thread-1] INFO  com.qa.automation.core.WebDriverFactory - Driver closed
2023-Sep-19 15:55:07 PM [pool-1-thread-1] INFO  com.qa.automation.stepdefs.StepfDef - Browser got closed
2023-Sep-19 15:55:07 PM [pool-1-thread-1] INFO  com.qa.automation.core.WebDriverFactory - Setting up for browser path is completed
2023-Sep-19 15:55:07 PM [pool-1-thread-1] INFO  com.qa.automation.core.WebDriverFactory - Setting up chrome binary completed
2023-Sep-19 15:55:08 PM [pool-1-thread-1] INFO  com.qa.automation.core.WebDriverFactory - Chrome Browser invoked
2023-Sep-19 15:55:09 PM [pool-1-thread-1] INFO  com.qa.automation.core.WebDriverFactory - Driver maximized and implicit time out set to 30 seconds
2023-Sep-19 15:55:09 PM [pool-1-thread-1] INFO  com.qa.automation.core.WebDriverFactory - Driver closed
2023-Sep-19 15:55:09 PM [pool-1-thread-1] INFO  com.qa.automation.stepdefs.StepfDef - Browser got closed
2023-Sep-19 15:55:09 PM [pool-1-thread-1] INFO  com.qa.automation.core.WebDriverFactory - Setting up for browser path is completed
2023-Sep-19 15:55:09 PM [pool-1-thread-1] INFO  com.qa.automation.core.WebDriverFactory - Setting up chrome binary completed
2023-Sep-19 15:55:11 PM [pool-1-thread-1] INFO  com.qa.automation.core.WebDriverFactory - Chrome Browser invoked
2023-Sep-19 15:55:11 PM [pool-1-thread-1] INFO  com.qa.automation.core.WebDriverFactory - Driver maximized and implicit time out set to 30 seconds
2023-Sep-19 15:55:11 PM [pool-1-thread-1] INFO  com.qa.automation.core.WebDriverFactory - Driver closed
2023-Sep-19 15:55:11 PM [pool-1-thread-1] INFO  com.qa.automation.stepdefs.StepfDef - Browser got closed
2023-Sep-19 15:55:11 PM [pool-1-thread-1] INFO  com.qa.automation.core.WebDriverFactory - Setting up for browser path is completed
2023-Sep-19 15:55:11 PM [pool-1-thread-1] INFO  com.qa.automation.core.WebDriverFactory - Setting up chrome binary completed
2023-Sep-19 15:55:13 PM [pool-1-thread-1] INFO  com.qa.automation.core.WebDriverFactory - Chrome Browser invoked
2023-Sep-19 15:55:13 PM [pool-1-thread-1] INFO  com.qa.automation.core.WebDriverFactory - Driver maximized and implicit time out set to 30 seconds
2023-Sep-19 15:55:13 PM [pool-1-thread-1] INFO  com.qa.automation.core.WebDriverFactory - Driver closed
2023-Sep-19 15:55:13 PM [pool-1-thread-1] INFO  com.qa.automation.stepdefs.StepfDef - Browser got closed
2023-Sep-19 15:55:13 PM [pool-1-thread-1] INFO  com.qa.automation.core.WebDriverFactory - Setting up for browser path is completed
2023-Sep-19 15:55:13 PM [pool-1-thread-1] INFO  com.qa.automation.core.WebDriverFactory - Setting up chrome binary completed
2023-Sep-19 15:55:15 PM [pool-1-thread-1] INFO  com.qa.automation.core.WebDriverFactory - Chrome Browser invoked
2023-Sep-19 15:55:15 PM [pool-1-thread-1] INFO  com.qa.automation.core.WebDriverFactory - Driver maximized and implicit time out set to 30 seconds
2023-Sep-19 15:55:16 PM [pool-1-thread-1] INFO  com.qa.automation.core.WebDriverFactory - Driver closed
2023-Sep-19 15:55:16 PM [pool-1-thread-1] INFO  com.qa.automation.stepdefs.StepfDef - Browser got closed
2023-Sep-19 15:55:16 PM [pool-1-thread-1] INFO  com.qa.automation.core.WebDriverFactory - Setting up for browser path is completed
2023-Sep-19 15:55:16 PM [pool-1-thread-1] INFO  com.qa.automation.core.WebDriverFactory - Setting up chrome binary completed
2023-Sep-19 15:55:17 PM [pool-1-thread-1] INFO  com.qa.automation.core.WebDriverFactory - Chrome Browser invoked
2023-Sep-19 15:55:18 PM [pool-1-thread-1] INFO  com.qa.automation.core.WebDriverFactory - Driver maximized and implicit time out set to 30 seconds
2023-Sep-19 15:55:18 PM [pool-1-thread-1] INFO  com.qa.automation.core.WebDriverFactory - Driver closed
2023-Sep-19 15:55:18 PM [pool-1-thread-1] INFO  com.qa.automation.stepdefs.StepfDef - Browser got closed
