2023-Sep-18 17:36:32 PM [main] INFO  com.qa.automation.core.WebDriverFactory - Setting up for browser path is completed
2023-Sep-18 17:36:32 PM [main] INFO  com.qa.automation.core.WebDriverFactory - Setting up chrome binary completed
2023-Sep-18 17:36:42 PM [main] INFO  com.qa.automation.core.WebDriverFactory - Chrome Browser invoked
2023-Sep-18 17:36:42 PM [main] INFO  com.qa.automation.core.WebDriverFactory - Driver maximized and implicit time out set to 30 seconds
2023-Sep-18 17:36:43 PM [main] INFO  com.qa.automation.core.WebDriverFactory - Driver closed
2023-Sep-18 17:36:43 PM [main] INFO  com.qa.automation.stepdefs.StepfDef - Browser got closed
2023-Sep-18 17:36:43 PM [main] INFO  com.qa.automation.core.WebDriverFactory - Setting up for browser path is completed
2023-Sep-18 17:36:43 PM [main] INFO  com.qa.automation.core.WebDriverFactory - Setting up chrome binary completed
2023-Sep-18 17:36:47 PM [main] INFO  com.qa.automation.core.WebDriverFactory - Chrome Browser invoked
2023-Sep-18 17:36:47 PM [main] INFO  com.qa.automation.core.WebDriverFactory - Driver maximized and implicit time out set to 30 seconds
2023-Sep-18 17:36:48 PM [main] INFO  com.qa.automation.core.WebDriverFactory - Driver closed
2023-Sep-18 17:36:48 PM [main] INFO  com.qa.automation.stepdefs.StepfDef - Browser got closed
2023-Sep-18 17:36:48 PM [main] INFO  com.qa.automation.core.WebDriverFactory - Setting up for browser path is completed
2023-Sep-18 17:36:48 PM [main] INFO  com.qa.automation.core.WebDriverFactory - Setting up chrome binary completed
2023-Sep-18 17:36:51 PM [main] INFO  com.qa.automation.core.WebDriverFactory - Chrome Browser invoked
2023-Sep-18 17:36:52 PM [main] INFO  com.qa.automation.core.WebDriverFactory - Driver maximized and implicit time out set to 30 seconds
2023-Sep-18 17:36:52 PM [main] INFO  com.qa.automation.core.WebDriverFactory - Driver closed
2023-Sep-18 17:36:52 PM [main] INFO  com.qa.automation.stepdefs.StepfDef - Browser got closed
2023-Sep-18 17:36:52 PM [main] INFO  com.qa.automation.core.WebDriverFactory - Setting up for browser path is completed
2023-Sep-18 17:36:52 PM [main] INFO  com.qa.automation.core.WebDriverFactory - Setting up chrome binary completed
2023-Sep-18 17:36:55 PM [main] INFO  com.qa.automation.core.WebDriverFactory - Chrome Browser invoked
2023-Sep-18 17:36:55 PM [main] INFO  com.qa.automation.core.WebDriverFactory - Driver maximized and implicit time out set to 30 seconds
2023-Sep-18 17:36:55 PM [main] INFO  com.qa.automation.core.WebDriverFactory - Driver closed
2023-Sep-18 17:36:55 PM [main] INFO  com.qa.automation.stepdefs.StepfDef - Browser got closed
